<?xml version="1.0" encoding="UTF-8"?>
<testsuite name="cleanTest.CreateContact" tests="1" skipped="0" failures="0" errors="0" timestamp="2022-10-22T14:10:00" hostname="MacBook-Pro-de-Janeth.local" time="24.748">
  <properties/>
  <testcase name="Verify Create Note" classname="cleanTest.CreateContact" time="24.748"/>
  <system-out><![CDATA[]]></system-out>
  <system-err><![CDATA[oct. 22, 2022 10:10:06 A. M. io.appium.java_client.remote.AppiumCommandExecutor$1 lambda$0
INFO: Detected dialect: W3C
]]></system-err>
</testsuite>
